<?xml version="1.0" encoding="UTF-8"?>
<!-- Generated by org.testng.reporters.JUnitXMLReporter -->
<testsuite ignored="0" hostname="AUTOP-nez6otlUa" failures="1" tests="11" name="Surefire test" time="6.527" errors="0" timestamp="2025-02-03T04:53:45 COT">
  <testcase classname="io.cucumber.testng.AbstractTestNGCucumberTests" name="runScenario" time="2.637">
    <failure type="java.lang.AssertionError" message="The response should contain the message &amp;apos;Pet deleted&amp;apos; expected [true] but found [false]">
      <![CDATA[java.lang.AssertionError: The response should contain the message 'Pet deleted' expected [true] but found [false]
at steps.e2e.HU_UserManagementOperations.theResponseShouldConfirmTheLoggedInUserSession(HU_UserManagementOperations.java:80)
at âœ½.the response should confirm the "Logged in user session"(file:///C:/Codigo/local-swagger-petstore-java-restassured/src/test/java/features/e2e/HU_UserManagementE2E.feature:21)
... Removed 3 stack frames]]>
    </failure>
  </testcase> <!-- runScenario -->
  <testcase classname="io.cucumber.testng.AbstractTestNGCucumberTests" name="runScenario" time="0.077"/>
  <testcase classname="io.cucumber.testng.AbstractTestNGCucumberTests" name="runScenario" time="0.058"/>
  <testcase classname="io.cucumber.testng.AbstractTestNGCucumberTests" name="runScenario" time="0.048"/>
  <testcase classname="io.cucumber.testng.AbstractTestNGCucumberTests" name="runScenario" time="0.037"/>
  <testcase classname="io.cucumber.testng.AbstractTestNGCucumberTests" name="runScenario" time="0.047"/>
  <testcase classname="io.cucumber.testng.AbstractTestNGCucumberTests" name="runScenario" time="0.042"/>
  <testcase classname="io.cucumber.testng.AbstractTestNGCucumberTests" name="runScenario" time="0.044"/>
  <testcase classname="io.cucumber.testng.AbstractTestNGCucumberTests" name="runScenario" time="0.046"/>
  <testcase classname="io.cucumber.testng.AbstractTestNGCucumberTests" name="runScenario" time="0.04"/>
  <testcase classname="io.cucumber.testng.AbstractTestNGCucumberTests" name="runScenario" time="0.049"/>
</testsuite> <!-- Surefire test -->
