<?xml version="1.0" encoding="UTF-8"?>
<!-- Generated by org.testng.reporters.JUnitReportReporter -->
<testsuite hostname="AUTOP-nez6otlUa" failures="1" tests="11" name="runners.TestRunner" time="3.125" errors="0" timestamp="2025-02-03T04:53:45 COT" skipped="0">
  <testcase classname="runners.TestRunner" name="runScenario" time="0.048"/>
  <system-out/>
  <testcase classname="runners.TestRunner" name="runScenario" time="0.049"/>
  <system-out/>
  <testcase classname="runners.TestRunner" name="runScenario" time="0.077"/>
  <system-out/>
  <testcase classname="runners.TestRunner" name="runScenario" time="0.058"/>
  <system-out/>
  <testcase classname="runners.TestRunner" name="runScenario" time="0.046"/>
  <system-out/>
  <testcase classname="runners.TestRunner" name="runScenario" time="0.044"/>
  <system-out/>
  <testcase classname="runners.TestRunner" name="runScenario" time="2.637">
    <failure message="The response should contain the message &#039;Pet deleted&#039; expected [true] but found [false]" type="java.lang.AssertionError">
      <![CDATA[java.lang.AssertionError: The response should contain the message 'Pet deleted' expected [true] but found [false]
at org.testng.Assert.fail(Assert.java:110)
at org.testng.Assert.failNotEquals(Assert.java:1413)
at org.testng.Assert.assertTrue(Assert.java:56)
at steps.e2e.HU_UserManagementOperations.theResponseShouldConfirmTheLoggedInUserSession(HU_UserManagementOperations.java:80)
at âœ½.the response should confirm the "Logged in user session"(file:///C:/Codigo/local-swagger-petstore-java-restassured/src/test/java/features/e2e/HU_UserManagementE2E.feature:21)
]]>
    </failure>
  </testcase> <!-- runScenario -->
  <system-out/>
  <testcase classname="runners.TestRunner" name="runScenario" time="0.037"/>
  <system-out/>
  <testcase classname="runners.TestRunner" name="runScenario" time="0.040"/>
  <system-out/>
  <testcase classname="runners.TestRunner" name="runScenario" time="0.042"/>
  <system-out/>
  <testcase classname="runners.TestRunner" name="runScenario" time="0.047"/>
  <system-out/>
</testsuite> <!-- runners.TestRunner -->
